memory.cpp
error_macros.cpp
editor_plugin_registration.cpp
aabb.cpp
basis.cpp
method_bind.cpp
packed_arrays.cpp
callable_custom.cpp
low_level.cpp
color.cpp
wrapped.cpp
char_string.cpp
object.cpp
godot.cpp
callable_method_pointer.cpp
plane.cpp
rect2i.cpp
rect2.cpp
transform2d.cpp
quaternion.cpp
transform3d.cpp
projection.cpp
vector2.cpp
vector2i.cpp
class_db.cpp
vector3.cpp
vector4.cpp
vector3i.cpp
vector4i.cpp
node_path.cpp
callable.cpp
rid.cpp
signal.cpp
variant.cpp
string.cpp
array.cpp
packed_byte_array.cpp
dictionary.cpp
packed_int32_array.cpp
string_name.cpp
packed_int64_array.cpp
packed_float64_array.cpp
packed_float32_array.cpp
packed_vector3_array.cpp
packed_string_array.cpp
packed_vector2_array.cpp
packed_color_array.cpp
a_star3d.cpp
aes_context.cpp
a_star2d.cpp
a_star_grid2d.cpp
animatable_body3d.cpp
animated_texture.cpp
animated_sprite2d.cpp
animatable_body2d.cpp
accept_dialog.cpp
animated_sprite3d.cpp
animation.cpp
animation_library.cpp
animation_mixer.cpp
animation_node.cpp
animation_node_add2.cpp
animation_node_add3.cpp
animation_node_blend3.cpp
animation_node_animation.cpp
animation_node_blend2.cpp
animation_node_blend_space1_d.cpp
animation_node_blend_tree.cpp
animation_node_blend_space2d.cpp
animation_node_one_shot.cpp
animation_node_output.cpp
animation_node_state_machine.cpp
animation_node_state_machine_playback.cpp
animation_node_sub2.cpp
animation_node_state_machine_transition.cpp
animation_node_time_scale.cpp
animation_node_sync.cpp
animation_node_time_seek.cpp
animation_node_transition.cpp
animation_player.cpp
animation_root_node.cpp
animation_tree.cpp
area2d.cpp
area3d.cpp
array_occluder3d.cpp
array_mesh.cpp
aspect_ratio_container.cpp
atlas_texture.cpp
audio_bus_layout.cpp
audio_effect.cpp
audio_effect_amplify.cpp
audio_effect_band_limit_filter.cpp
audio_effect_band_pass_filter.cpp
audio_effect_capture.cpp
audio_effect_chorus.cpp
audio_effect_compressor.cpp
audio_effect_eq.cpp
audio_effect_distortion.cpp
audio_effect_eq10.cpp
audio_effect_eq21.cpp
audio_effect_delay.cpp
audio_effect_eq6.cpp
audio_effect_filter.cpp
audio_effect_high_pass_filter.cpp
audio_effect_instance.cpp
audio_effect_high_shelf_filter.cpp
audio_effect_limiter.cpp
audio_effect_notch_filter.cpp
audio_effect_low_shelf_filter.cpp
audio_effect_panner.cpp
audio_effect_phaser.cpp
audio_effect_pitch_shift.cpp
audio_effect_low_pass_filter.cpp
audio_effect_record.cpp
audio_effect_reverb.cpp
audio_effect_spectrum_analyzer.cpp
audio_effect_spectrum_analyzer_instance.cpp
audio_effect_stereo_enhance.cpp
audio_listener3d.cpp
audio_listener2d.cpp
audio_stream.cpp
audio_stream_generator.cpp
audio_stream_generator_playback.cpp
audio_server.cpp
audio_stream_mp3.cpp
audio_stream_microphone.cpp
audio_stream_ogg_vorbis.cpp
audio_stream_playback.cpp
audio_stream_playback_ogg_vorbis.cpp
audio_stream_playback_polyphonic.cpp
audio_stream_player.cpp
audio_stream_playback_resampled.cpp
audio_stream_polyphonic.cpp
audio_stream_player3d.cpp
audio_stream_player2d.cpp
audio_stream_randomizer.cpp
audio_stream_wav.cpp
back_buffer_copy.cpp
base_button.cpp
bit_map.cpp
base_material3d.cpp
bone_attachment3d.cpp
bone2d.cpp
bone_map.cpp
box_mesh.cpp
box_container.cpp
box_occluder3d.cpp
box_shape3d.cpp
button_group.cpp
button.cpp
csg_combiner3d.cpp
csg_box3d.cpp
cpu_particles2d.cpp
csg_cylinder3d.cpp
cpu_particles3d.cpp
csg_polygon3d.cpp
csg_mesh3d.cpp
csg_primitive3d.cpp
csg_shape3d.cpp
csg_sphere3d.cpp
callback_tweener.cpp
camera_attributes.cpp
csg_torus3d.cpp
camera_attributes_physical.cpp
camera_feed.cpp
camera2d.cpp
camera3d.cpp
camera_attributes_practical.cpp
camera_server.cpp
camera_texture.cpp
canvas_group.cpp
canvas_item_material.cpp
canvas_modulate.cpp
canvas_texture.cpp
canvas_layer.cpp
capsule_shape2d.cpp
capsule_shape3d.cpp
canvas_item.cpp
capsule_mesh.cpp
char_fx_transform.cpp
center_container.cpp
character_body2d.cpp
circle_shape2d.cpp
check_button.cpp
code_highlighter.cpp
class_db_singleton.cpp
check_box.cpp
character_body3d.cpp
collision_object2d.cpp
code_edit.cpp
collision_object3d.cpp
collision_polygon2d.cpp
collision_polygon3d.cpp
collision_shape3d.cpp
collision_shape2d.cpp
compressed_cubemap.cpp
color_rect.cpp
color_picker.cpp
compressed_cubemap_array.cpp
color_picker_button.cpp
compressed_texture2d.cpp
compressed_texture2d_array.cpp
compressed_texture3d.cpp
compressed_texture_layered.cpp
concave_polygon_shape2d.cpp
concave_polygon_shape3d.cpp
cone_twist_joint3d.cpp
config_file.cpp
convex_polygon_shape2d.cpp
confirmation_dialog.cpp
container.cpp
control.cpp
convex_polygon_shape3d.cpp
crypto.cpp
crypto_key.cpp
cubemap.cpp
cubemap_array.cpp
curve.cpp
curve3d.cpp
curve2d.cpp
curve_texture.cpp
curve_xyz_texture.cpp
cylinder_mesh.cpp
cylinder_shape3d.cpp
dtls_server.cpp
dir_access.cpp
decal.cpp
damped_spring_joint2d.cpp
directional_light2d.cpp
directional_light3d.cpp
e_net_connection.cpp
e_net_packet_peer.cpp
editor_command_palette.cpp
e_net_multiplayer_peer.cpp
editor_debugger_plugin.cpp
display_server.cpp
editor_export_platform_android.cpp
editor_export_platform.cpp
editor_debugger_session.cpp
editor_export_platform_ios.cpp
editor_export_platform_linux_bsd.cpp
editor_export_platform_pc.cpp
editor_export_platform_windows.cpp
editor_export_platform_web.cpp
editor_export_platform_mac_os.cpp
editor_feature_profile.cpp
editor_export_plugin.cpp
editor_file_system.cpp
editor_file_system_directory.cpp
editor_file_dialog.cpp
editor_file_system_import_format_support_query.cpp
editor_import_plugin.cpp
editor_node3d_gizmo.cpp
editor_inspector_plugin.cpp
editor_inspector.cpp
editor_node3d_gizmo_plugin.cpp
editor_paths.cpp
editor_interface.cpp
editor_resource_conversion_plugin.cpp
editor_plugin.cpp
editor_property.cpp
editor_resource_preview.cpp
editor_resource_picker.cpp
editor_resource_preview_generator.cpp
editor_scene_format_importer_blend.cpp
editor_scene_format_importer.cpp
editor_resource_tooltip_plugin.cpp
editor_scene_format_importer_fbx.cpp
editor_scene_format_importer_gltf.cpp
editor_scene_post_import_plugin.cpp
editor_scene_post_import.cpp
editor_script.cpp
editor_selection.cpp
editor_script_picker.cpp
editor_settings.cpp
editor_syntax_highlighter.cpp
editor_translation_parser_plugin.cpp
editor_spin_slider.cpp
editor_vcs_interface.cpp
editor_undo_redo_manager.cpp
encoded_object_as_id.cpp
engine.cpp
engine_debugger.cpp
engine_profiler.cpp
environment.cpp
expression.cpp
file_access.cpp
fast_noise_lite.cpp
flow_container.cpp
file_dialog.cpp
file_system_dock.cpp
fog_material.cpp
fog_volume.cpp
font.cpp
font_file.cpp
gd_extension.cpp
font_variation.cpp
gd_script.cpp
gltf_accessor.cpp
gd_extension_manager.cpp
gltf_animation.cpp
gltf_buffer_view.cpp
gltf_camera.cpp
gltf_document.cpp
gltf_document_extension.cpp
gltf_document_extension_convert_importer_mesh.cpp
gltf_light.cpp
gltf_mesh.cpp
gltf_node.cpp
gltf_physics_body.cpp
gltf_physics_shape.cpp
gltf_skin.cpp
gltf_skeleton.cpp
gltf_spec_gloss.cpp
gltf_texture_sampler.cpp
gltf_state.cpp
gltf_texture.cpp
gpu_particles_attractor_box3d.cpp
gpu_particles3d.cpp
gpu_particles2d.cpp
gpu_particles_attractor_sphere3d.cpp
gpu_particles_attractor3d.cpp
gpu_particles_collision3d.cpp
gpu_particles_attractor_vector_field3d.cpp
gpu_particles_collision_box3d.cpp
gpu_particles_collision_height_field3d.cpp
gpu_particles_collision_sphere3d.cpp
gpu_particles_collision_sdf3d.cpp
generic6_dof_joint3d.cpp
gradient.cpp
gradient_texture1_d.cpp
geometry3d.cpp
geometry_instance3d.cpp
gradient_texture2d.cpp
geometry2d.cpp
graph_edit.cpp
graph_element.cpp
graph_node.cpp
grid_container.cpp
grid_map.cpp
groove_joint2d.cpp
hmac_context.cpp
h_flow_container.cpp
h_separator.cpp
h_box_container.cpp
h_scroll_bar.cpp
h_slider.cpp
h_split_container.cpp
http_client.cpp
http_request.cpp
hashing_context.cpp
height_map_shape3d.cpp
hinge_joint3d.cpp
ip.cpp
image_format_loader.cpp
image.cpp
image_format_loader_extension.cpp
image_texture.cpp
image_texture3d.cpp
image_texture_layered.cpp
immediate_mesh.cpp
importer_mesh.cpp
importer_mesh_instance3d.cpp
input_event.cpp
input_event_action.cpp
input.cpp
input_event_gesture.cpp
input_event_from_window.cpp
input_event_joypad_button.cpp
input_event_joypad_motion.cpp
input_event_midi.cpp
input_event_key.cpp
input_event_magnify_gesture.cpp
input_event_mouse.cpp
input_event_mouse_button.cpp
input_event_pan_gesture.cpp
input_event_screen_touch.cpp
input_event_mouse_motion.cpp
input_event_screen_drag.cpp
input_event_shortcut.cpp
input_event_with_modifiers.cpp
instance_placeholder.cpp
input_map.cpp
interval_tweener.cpp
jni_singleton.cpp
item_list.cpp
json.cpp
jsonrpc.cpp
java_class.cpp
java_class_wrapper.cpp
java_script_object.cpp
java_script_bridge.cpp
joint3d.cpp
joint2d.cpp
kinematic_collision2d.cpp
kinematic_collision3d.cpp
label.cpp
label_settings.cpp
label3d.cpp
light2d.cpp
light3d.cpp
light_occluder2d.cpp
lightmap_gi_data.cpp
lightmap_gi.cpp
lightmapper.cpp
lightmap_probe.cpp
lightmapper_rd.cpp
line2d.cpp
link_button.cpp
main_loop.cpp
marker3d.cpp
marker2d.cpp
marshalls.cpp
margin_container.cpp
line_edit.cpp
material.cpp
menu_bar.cpp
menu_button.cpp
mesh_convex_decomposition_settings.cpp
mesh.cpp
mesh_instance2d.cpp
mesh_data_tool.cpp
mesh_texture.cpp
method_tweener.cpp
mesh_library.cpp
mesh_instance3d.cpp
missing_node.cpp
missing_resource.cpp
mobile_vr_interface.cpp
movie_writer.cpp
multi_mesh.cpp
multi_mesh_instance2d.cpp
multiplayer_api_extension.cpp
multiplayer_api.cpp
multi_mesh_instance3d.cpp
multiplayer_peer.cpp
multiplayer_peer_extension.cpp
multiplayer_spawner.cpp
multiplayer_synchronizer.cpp
mutex.cpp
navigation_agent2d.cpp
navigation_agent3d.cpp
navigation_mesh_source_geometry_data2d.cpp
navigation_mesh.cpp
navigation_link3d.cpp
navigation_link2d.cpp
navigation_mesh_source_geometry_data3d.cpp
navigation_mesh_generator.cpp
navigation_obstacle3d.cpp
navigation_obstacle2d.cpp
navigation_path_query_parameters3d.cpp
navigation_path_query_parameters2d.cpp
navigation_path_query_result2d.cpp
navigation_path_query_result3d.cpp
navigation_polygon.cpp
navigation_region3d.cpp
navigation_region2d.cpp
navigation_server3d.cpp
navigation_server2d.cpp
node2d.cpp
nine_patch_rect.cpp
node.cpp
node3d_gizmo.cpp
node3d.cpp
noise.cpp
noise_texture3d.cpp
noise_texture2d.cpp
orm_material3d.cpp
os.cpp
occluder3d.cpp
object.cpp
occluder_instance3d.cpp
offline_multiplayer_peer.cpp
occluder_polygon2d.cpp
ogg_packet_sequence.cpp
ogg_packet_sequence_playback.cpp
omni_light3d.cpp
open_xrapi_extension.cpp
open_xr_action.cpp
open_xr_action_map.cpp
open_xr_action_set.cpp
open_xr_extension_wrapper_extension.cpp
open_xr_hand.cpp
open_xrip_binding.cpp
open_xr_interaction_profile.cpp
open_xr_interaction_profile_metadata.cpp
open_xr_interface.cpp
optimized_translation.cpp
option_button.cpp
pck_packer.cpp
packed_data_container_ref.cpp
packed_data_container.cpp
packed_scene.cpp
packet_peer.cpp
packet_peer_dtls.cpp
packet_peer_extension.cpp
packet_peer_stream.cpp
packet_peer_udp.cpp
panel_container.cpp
panorama_sky_material.cpp
panel.cpp
parallax_layer.cpp
parallax_background.cpp
path3d.cpp
particle_process_material.cpp
path2d.cpp
path_follow2d.cpp
path_follow3d.cpp
performance.cpp
physical_sky_material.cpp
physical_bone3d.cpp
physical_bone2d.cpp
physics_body3d.cpp
physics_direct_body_state2d_extension.cpp
physics_body2d.cpp
physics_direct_body_state3d_extension.cpp
physics_direct_body_state2d.cpp
physics_direct_body_state3d.cpp
physics_direct_space_state2d.cpp
physics_direct_space_state2d_extension.cpp
physics_direct_space_state3d.cpp
physics_direct_space_state3d_extension.cpp
physics_point_query_parameters2d.cpp
physics_material.cpp
physics_point_query_parameters3d.cpp
physics_ray_query_parameters2d.cpp
physics_ray_query_parameters3d.cpp
physics_server2d_manager.cpp
physics_server2d_extension.cpp
physics_server2d.cpp
physics_server3d.cpp
physics_server3d_extension.cpp
physics_server3d_rendering_server_handler.cpp
physics_server3d_manager.cpp
physics_shape_query_parameters2d.cpp
physics_shape_query_parameters3d.cpp
physics_test_motion_parameters3d.cpp
physics_test_motion_parameters2d.cpp
physics_test_motion_result2d.cpp
physics_test_motion_result3d.cpp
pin_joint2d.cpp
pin_joint3d.cpp
placeholder_cubemap.cpp
placeholder_cubemap_array.cpp
placeholder_material.cpp
placeholder_texture2d.cpp
placeholder_mesh.cpp
placeholder_texture3d.cpp
placeholder_texture2d_array.cpp
placeholder_texture_layered.cpp
plane_mesh.cpp
point_mesh.cpp
point_light2d.cpp
polygon2d.cpp
polygon_occluder3d.cpp
polygon_path_finder.cpp
popup.cpp
portable_compressed_texture2d.cpp
popup_panel.cpp
popup_menu.cpp
primitive_mesh.cpp
prism_mesh.cpp
procedural_sky_material.cpp
progress_bar.cpp
property_tweener.cpp
project_settings.cpp
quad_mesh.cpp
quad_occluder3d.cpp
rd_pipeline_color_blend_state.cpp
rd_framebuffer_pass.cpp
rd_attachment_format.cpp
rd_pipeline_depth_stencil_state.cpp
rd_pipeline_color_blend_state_attachment.cpp
rd_pipeline_multisample_state.cpp
rd_pipeline_rasterization_state.cpp
rd_pipeline_specialization_constant.cpp
rd_sampler_state.cpp
rd_shader_file.cpp
rd_shader_source.cpp
rd_shader_spirv.cpp
rd_texture_view.cpp
rd_texture_format.cpp
rd_uniform.cpp
rd_vertex_attribute.cpp
random_number_generator.cpp
range.cpp
ray_cast3d.cpp
ray_cast2d.cpp
rectangle_shape2d.cpp
ref_counted.cpp
reflection_probe.cpp
reg_ex.cpp
reg_ex_match.cpp
reference_rect.cpp
remote_transform2d.cpp
remote_transform3d.cpp
render_scene_buffers_rd.cpp
render_scene_buffers.cpp
render_scene_buffers_configuration.cpp
render_scene_buffers_extension.cpp
resource_format_saver.cpp
rendering_device.cpp
resource.cpp
resource_format_loader.cpp
resource_importer.cpp
resource_importer_bm_font.cpp
rendering_server.cpp
resource_importer_csv_translation.cpp
resource_importer_dynamic_font.cpp
resource_importer_image_font.cpp
resource_importer_image.cpp
resource_importer_bit_map.cpp
resource_importer_obj.cpp
resource_importer_mp3.cpp
resource_importer_layered_texture.cpp
resource_importer_ogg_vorbis.cpp
resource_importer_scene.cpp
resource_importer_shader_file.cpp
resource_importer_texture.cpp
resource_importer_texture_atlas.cpp
resource_preloader.cpp
resource_importer_wav.cpp
resource_uid.cpp
resource_saver.cpp
resource_loader.cpp
ribbon_trail_mesh.cpp
rich_text_effect.cpp
rigid_body2d.cpp
rich_text_label.cpp
root_motion_view.cpp
scene_multiplayer.cpp
rigid_body3d.cpp
scene_replication_config.cpp
scene_state.cpp
scene_tree.cpp
script.cpp
scene_tree_timer.cpp
script_create_dialog.cpp
script_editor.cpp
script_editor_base.cpp
script_language_extension.cpp
script_extension.cpp
script_language.cpp
scroll_bar.cpp
segment_shape2d.cpp
semaphore.cpp
separation_ray_shape2d.cpp
scroll_container.cpp
separation_ray_shape3d.cpp
shader.cpp
shader_material.cpp
shader_globals_override.cpp
shader_include.cpp
separator.cpp
shape_cast3d.cpp
shape3d.cpp
shape2d.cpp
shortcut.cpp
skeleton2d.cpp
shape_cast2d.cpp
skeleton3d.cpp
skeleton_modification2dccdik.cpp
skeleton_ik3d.cpp
skeleton_modification2d.cpp
skeleton_modification2dfabrik.cpp
skeleton_modification2d_jiggle.cpp
skeleton_modification2d_look_at.cpp
skeleton_modification2d_physical_bones.cpp
skeleton_modification2d_two_bone_ik.cpp
skeleton_modification2d_stack_holder.cpp
skeleton_modification_stack2d.cpp
skeleton_profile_humanoid.cpp
skeleton_profile.cpp
skin.cpp
skin_reference.cpp
sky.cpp
slider.cpp
slider_joint3d.cpp
sphere_mesh.cpp
sphere_occluder3d.cpp
soft_body3d.cpp
sphere_shape3d.cpp
spin_box.cpp
spot_light3d.cpp
spring_arm3d.cpp
split_container.cpp
sprite2d.cpp
sprite3d.cpp
sprite_base3d.cpp
standard_material3d.cpp
sprite_frames.cpp
static_body2d.cpp
static_body3d.cpp
stream_peer.cpp
stream_peer_buffer.cpp
stream_peer_gzip.cpp
stream_peer_extension.cpp
stream_peer_tcp.cpp
stream_peer_tls.cpp
style_box.cpp
style_box_flat.cpp
style_box_empty.cpp
style_box_line.cpp
style_box_texture.cpp
sub_viewport.cpp
surface_tool.cpp
syntax_highlighter.cpp
tcp_server.cpp
sub_viewport_container.cpp
system_font.cpp
tls_options.cpp
tab_bar.cpp
tab_container.cpp
text_line.cpp
text_mesh.cpp
text_edit.cpp
text_server_advanced.cpp
text_paragraph.cpp
text_server_dummy.cpp
text_server.cpp
text_server_extension.cpp
text_server_manager.cpp
texture.cpp
texture2d.cpp
texture2d_array.cpp
texture2d_array_rd.cpp
texture2drd.cpp
texture3drd.cpp
texture_cubemap_rd.cpp
texture3d.cpp
texture_button.cpp
texture_cubemap_array_rd.cpp
texture_layered.cpp
texture_layered_rd.cpp
texture_progress_bar.cpp
texture_rect.cpp
theme_db.cpp
thread.cpp
theme.cpp
tile_data.cpp
tile_map_pattern.cpp
tile_map.cpp
tile_set.cpp
tile_set_scenes_collection_source.cpp
tile_set_atlas_source.cpp
tile_set_source.cpp
time.cpp
timer.cpp
torus_mesh.cpp
translation.cpp
touch_screen_button.cpp
translation_server.cpp
tree.cpp
tree_item.cpp
triangle_mesh.cpp
tube_trail_mesh.cpp
tween.cpp
tweener.cpp
udp_server.cpp
undo_redo.cpp
upnp_device.cpp
upnp.cpp
v_box_container.cpp
v_flow_container.cpp
v_scroll_bar.cpp
v_separator.cpp
v_slider.cpp
v_split_container.cpp
vehicle_body3d.cpp
vehicle_wheel3d.cpp
video_stream_playback.cpp
video_stream.cpp
video_stream_player.cpp
video_stream_theora.cpp
visible_on_screen_enabler3d.cpp
viewport.cpp
viewport_texture.cpp
visible_on_screen_notifier3d.cpp
visible_on_screen_enabler2d.cpp
visible_on_screen_notifier2d.cpp
visual_shader.cpp
visual_instance3d.cpp
visual_shader_node.cpp
visual_shader_node_billboard.cpp
visual_shader_node_boolean_parameter.cpp
visual_shader_node_boolean_constant.cpp
visual_shader_node_color_constant.cpp
visual_shader_node_clamp.cpp
visual_shader_node_color_func.cpp
visual_shader_node_color_op.cpp
visual_shader_node_color_parameter.cpp
visual_shader_node_compare.cpp
visual_shader_node_comment.cpp
visual_shader_node_constant.cpp
visual_shader_node_cubemap_parameter.cpp
visual_shader_node_cubemap.cpp
visual_shader_node_curve_xyz_texture.cpp
visual_shader_node_curve_texture.cpp
visual_shader_node_custom.cpp
visual_shader_node_derivative_func.cpp
visual_shader_node_determinant.cpp
visual_shader_node_distance_fade.cpp
visual_shader_node_face_forward.cpp
visual_shader_node_expression.cpp
visual_shader_node_float_func.cpp
visual_shader_node_dot_product.cpp
visual_shader_node_float_constant.cpp
visual_shader_node_float_op.cpp
visual_shader_node_float_parameter.cpp
visual_shader_node_fresnel.cpp
visual_shader_node_group_base.cpp
visual_shader_node_global_expression.cpp
visual_shader_node_if.cpp
visual_shader_node_input.cpp
visual_shader_node_int_constant.cpp
visual_shader_node_int_op.cpp
visual_shader_node_int_parameter.cpp
visual_shader_node_int_func.cpp
visual_shader_node_linear_scene_depth.cpp
visual_shader_node_is.cpp
visual_shader_node_mix.cpp
visual_shader_node_multiply_add.cpp
visual_shader_node_outer_product.cpp
visual_shader_node_output.cpp
visual_shader_node_parameter.cpp
visual_shader_node_particle_accelerator.cpp
visual_shader_node_parameter_ref.cpp
visual_shader_node_particle_box_emitter.cpp
visual_shader_node_particle_cone_velocity.cpp
visual_shader_node_particle_emit.cpp
visual_shader_node_particle_emitter.cpp
visual_shader_node_particle_mesh_emitter.cpp
visual_shader_node_particle_multiply_by_axis_angle.cpp
visual_shader_node_particle_output.cpp
visual_shader_node_particle_randomness.cpp
visual_shader_node_particle_ring_emitter.cpp
visual_shader_node_proximity_fade.cpp
visual_shader_node_particle_sphere_emitter.cpp
visual_shader_node_random_range.cpp
visual_shader_node_remap.cpp
visual_shader_node_resizable_base.cpp
visual_shader_node_rotation_by_axis.cpp
visual_shader_node_sdf_raymarch.cpp
visual_shader_node_sample3d.cpp
visual_shader_node_sdf_to_screen_uv.cpp
visual_shader_node_screen_normal_world_space.cpp
visual_shader_node_screen_uv_to_sdf.cpp
visual_shader_node_step.cpp
visual_shader_node_smooth_step.cpp
visual_shader_node_switch.cpp
visual_shader_node_texture.cpp
visual_shader_node_texture2d_array_parameter.cpp
visual_shader_node_texture2d_array.cpp
visual_shader_node_texture2d_parameter.cpp
visual_shader_node_texture3d_parameter.cpp
visual_shader_node_texture3d.cpp
visual_shader_node_texture_parameter.cpp
visual_shader_node_texture_parameter_triplanar.cpp
visual_shader_node_texture_sdf.cpp
visual_shader_node_transform_compose.cpp
visual_shader_node_texture_sdf_normal.cpp
visual_shader_node_transform_constant.cpp
visual_shader_node_transform_op.cpp
visual_shader_node_transform_decompose.cpp
visual_shader_node_transform_func.cpp
visual_shader_node_transform_vec_mult.cpp
visual_shader_node_transform_parameter.cpp
visual_shader_node_u_int_constant.cpp
visual_shader_node_u_int_op.cpp
visual_shader_node_u_int_parameter.cpp
visual_shader_node_u_int_func.cpp
visual_shader_node_uv_func.cpp
visual_shader_node_uv_polar_coord.cpp
visual_shader_node_varying.cpp
visual_shader_node_varying_getter.cpp
visual_shader_node_varying_setter.cpp
visual_shader_node_vec2_constant.cpp
visual_shader_node_vec2_parameter.cpp
visual_shader_node_vec3_constant.cpp
visual_shader_node_vec3_parameter.cpp
visual_shader_node_vec4_constant.cpp
visual_shader_node_vector_base.cpp
visual_shader_node_vec4_parameter.cpp
visual_shader_node_vector_compose.cpp
visual_shader_node_vector_decompose.cpp
visual_shader_node_vector_distance.cpp
visual_shader_node_vector_func.cpp
visual_shader_node_vector_len.cpp
visual_shader_node_vector_op.cpp
visual_shader_node_vector_refract.cpp
visual_shader_node_world_position_from_depth.cpp
voxel_gi_data.cpp
voxel_gi.cpp
weak_ref.cpp
web_rtc_data_channel.cpp
web_rtc_data_channel_extension.cpp
web_rtc_peer_connection.cpp
web_rtc_peer_connection_extension.cpp
web_rtc_multiplayer_peer.cpp
web_socket_multiplayer_peer.cpp
web_socket_peer.cpp
web_xr_interface.cpp
world2d.cpp
worker_thread_pool.cpp
world3d.cpp
world_boundary_shape2d.cpp
window.cpp
world_environment.cpp
world_boundary_shape3d.cpp
x509_certificate.cpp
xml_parser.cpp
xr_anchor3d.cpp
xr_camera3d.cpp
xr_interface.cpp
xr_controller3d.cpp
xr_interface_extension.cpp
xr_origin3d.cpp
xr_node3d.cpp
xr_pose.cpp
xr_positional_tracker.cpp
xr_server.cpp
utility_functions.cpp
zip_packer.cpp
zip_reader.cpp
gdexample.cpp
register_types.cpp
visual_shader_node_transform_func.cpp
placeholder_mesh.cpp
editor_translation_parser_plugin.cpp
circle_shape2d.cpp
resource_importer_layered_texture.cpp
animation_node.cpp
collision_polygon2d.cpp
a_star2d.cpp
json.cpp
engine_debugger.cpp
resource_uid.cpp
visual_shader_node.cpp
visual_shader_node_transform_decompose.cpp
placeholder_material.cpp
code_highlighter.cpp
editor_spin_slider.cpp
input_event_pan_gesture.cpp
interval_tweener.cpp
visible_on_screen_notifier2d.cpp
node.cpp
animated_sprite2d.cpp
visible_on_screen_notifier3d.cpp
ogg_packet_sequence.cpp
visual_shader_node_vec2_constant.cpp
check_box.cpp
jni_singleton.cpp
compressed_cubemap.cpp
physics_server3d_manager.cpp
placeholder_cubemap_array.cpp
resource_importer_image_font.cpp
resource_importer_texture_atlas.cpp
resource_importer_image.cpp
input_event_with_modifiers.cpp
a_star3d.cpp
noise.cpp
placeholder_texture_layered.cpp
visual_shader_node_boolean_parameter.cpp
instance_placeholder.cpp
color_rect.cpp
visual_shader_node_u_int_op.cpp
visual_shader_node_color_op.cpp
noise_texture2d.cpp
collision_object2d.cpp
input_map.cpp
visual_shader_node_u_int_constant.cpp
center_container.cpp
physics_test_motion_parameters2d.cpp
input_event_mouse_motion.cpp
animatable_body2d.cpp
engine_profiler.cpp
visual_shader_node_color_func.cpp
resource_importer_mp3.cpp
color_picker.cpp
color_picker_button.cpp
accept_dialog.cpp
editor_settings.cpp
visual_shader_node_color_constant.cpp
method_tweener.cpp
editor_scene_format_importer_fbx.cpp
char_fx_transform.cpp
resource_saver.cpp
code_edit.cpp
navigation_mesh.cpp
editor_undo_redo_manager.cpp
animation_mixer.cpp
visual_shader_node_boolean_constant.cpp
visual_shader_node_texture3d.cpp
pin_joint2d.cpp
input_event_shortcut.cpp
visual_shader_node_clamp.cpp
engine.cpp
resource_importer_shader_file.cpp
editor_scene_format_importer.cpp
canvas_layer.cpp
visual_instance3d.cpp
popup.cpp
mobile_vr_interface.cpp
packed_float64_array.cpp
editor_scene_format_importer_blend.cpp
visual_shader_node_transform_op.cpp
capsule_shape3d.cpp
ribbon_trail_mesh.cpp
packed_byte_array.cpp
visual_shader.cpp
visual_shader_node_texture3d_parameter.cpp
polygon_occluder3d.cpp
input_event_from_window.cpp
physics_test_motion_result2d.cpp
input_event_action.cpp
editor_selection.cpp
visual_shader_node_billboard.cpp
visual_shader_node_vector_base.cpp
capsule_shape2d.cpp
visual_shader_node_vec3_constant.cpp
mutex.cpp
navigation_agent2d.cpp
array.cpp
input.cpp
resource_preloader.cpp
viewport.cpp
physics_server3d_extension.cpp
importer_mesh.cpp
editor_vcs_interface.cpp
visual_shader_node_texture_parameter_triplanar.cpp
aes_context.cpp
physics_test_motion_parameters3d.cpp
multiplayer_peer.cpp
csg_polygon3d.cpp
image_texture_layered.cpp
v_split_container.cpp
visual_shader_node_varying_setter.cpp
scene_tree_timer.cpp
physics_server3d_rendering_server_handler.cpp
capsule_mesh.cpp
hashing_context.cpp
editor_scene_format_importer_gltf.cpp
movie_writer.cpp
packed_color_array.cpp
canvas_texture.cpp
visual_shader_node_particle_sphere_emitter.cpp
script_editor.cpp
video_stream_player.cpp
multi_mesh_instance3d.cpp
portable_compressed_texture2d.cpp
image.cpp
editor_resource_preview_generator.cpp
camera_attributes_practical.cpp
image_format_loader_extension.cpp
visual_shader_node_texture2d_parameter.cpp
camera_feed.cpp
packed_vector2_array.cpp
resource_loader.cpp
polygon2d.cpp
ip.cpp
visual_shader_node_texture2d_array.cpp
h_flow_container.cpp
canvas_group.cpp
packed_string_array.cpp
editor_resource_picker.cpp
v_separator.cpp
visual_shader_node_smooth_step.cpp
canvas_modulate.cpp
multiplayer_peer_extension.cpp
height_map_shape3d.cpp
point_light2d.cpp
visual_shader_node_screen_uv_to_sdf.cpp
packed_int32_array.cpp
scene_tree.cpp
missing_resource.cpp
visual_shader_node_remap.cpp
h_box_container.cpp
v_scroll_bar.cpp
csg_mesh3d.cpp
navigation_link3d.cpp
scene_replication_config.cpp
dictionary.cpp
hinge_joint3d.cpp
vehicle_wheel3d.cpp
visual_shader_node_sdf_raymarch.cpp
polygon_path_finder.cpp
editor_interface.cpp
http_request.cpp
rigid_body3d.cpp
editor_feature_profile.cpp
viewport_texture.cpp
visual_shader_node_particle_cone_velocity.cpp
resource_importer_csv_translation.cpp
placeholder_texture3d.cpp
packed_vector3_array.cpp
undo_redo.cpp
visual_shader_node_particle_box_emitter.cpp
navigation_mesh_generator.cpp
editor_export_platform_web.cpp
visual_shader_node_parameter.cpp
rigid_body2d.cpp
canvas_item_material.cpp
point_mesh.cpp
editor_export_platform_android.cpp
resource_importer_wav.cpp
physics_test_motion_result3d.cpp
packed_float32_array.cpp
navigation_link2d.cpp
v_flow_container.cpp
resource_importer_texture.cpp
packed_int64_array.cpp
editor_command_palette.cpp
resource_importer_ogg_vorbis.cpp
canvas_item.cpp
csg_cylinder3d.cpp
plane_mesh.cpp
editor_resource_conversion_plugin.cpp
visual_shader_node_rotation_by_axis.cpp
tween.cpp
physics_shape_query_parameters3d.cpp
multi_mesh.cpp
visual_shader_node_resizable_base.cpp
time.cpp
navigation_agent3d.cpp
resource_importer_bit_map.cpp
placeholder_texture2d_array.cpp
visual_shader_node_particle_multiply_by_axis_angle.cpp
input_event_joypad_motion.cpp
visual_shader_node_output.cpp
script_create_dialog.cpp
missing_node.cpp
visual_shader_node_texture.cpp
editor_property.cpp
placeholder_cubemap.cpp
camera2d.cpp
image_texture3d.cpp
vehicle_body3d.cpp
callback_tweener.cpp
multi_mesh_instance2d.cpp
editor_plugin.cpp
image_texture.cpp
editor_node3d_gizmo.cpp
csg_combiner3d.cpp
rich_text_label.cpp
placeholder_texture2d.cpp
v_box_container.cpp
editor_export_platform_pc.cpp
multiplayer_synchronizer.cpp
csg_box3d.cpp
resource_importer_scene.cpp
multiplayer_api.cpp
h_scroll_bar.cpp
pin_joint3d.cpp
visual_shader_node_texture2d_array_parameter.cpp
csg_shape3d.cpp
tree_item.cpp
http_client.cpp
editor_paths.cpp
multiplayer_spawner.cpp
camera_texture.cpp
multiplayer_api_extension.cpp
input_event_joypad_button.cpp
visual_shader_node_particle_ring_emitter.cpp
camera_server.cpp
h_separator.cpp
resource_importer_obj.cpp
translation.cpp
mesh_texture.cpp
physics_shape_query_parameters2d.cpp
torus_mesh.cpp
resource_importer_dynamic_font.cpp
editor_inspector.cpp
timer.cpp
visual_shader_node_sdf_to_screen_uv.cpp
image_format_loader.cpp
camera3d.cpp
triangle_mesh.cpp
visual_shader_node_switch.cpp
editor_file_dialog.cpp
mesh_convex_decomposition_settings.cpp
physics_server3d.cpp
visual_shader_node_step.cpp
csg_sphere3d.cpp
tab_bar.cpp
visual_shader_node_particle_mesh_emitter.cpp
v_slider.cpp
style_box_texture.cpp
csg_torus3d.cpp
physics_ray_query_parameters3d.cpp
camera_attributes_physical.cpp
material.cpp
editor_file_system_import_format_support_query.cpp
h_split_container.cpp
touch_screen_button.cpp
visual_shader_node_particle_emitter.cpp
camera_attributes.cpp
visible_on_screen_enabler3d.cpp
grid_map.cpp
editor_inspector_plugin.cpp
standard_material3d.cpp
physics_point_query_parameters2d.cpp
mesh.cpp
editor_export_platform_windows.cpp
sprite_frames.cpp
e_net_packet_peer.cpp
stream_peer_buffer.cpp
visual_shader_node_sample3d.cpp
physics_material.cpp
visible_on_screen_enabler2d.cpp
csg_primitive3d.cpp
video_stream_theora.cpp
physics_direct_space_state2d.cpp
editor_file_system.cpp
line_edit.cpp
visual_shader_node_proximity_fade.cpp
tree.cpp
stream_peer_gzip.cpp
line2d.cpp
video_stream_playback.cpp
input_event_key.cpp
video_stream.cpp
physical_bone3d.cpp
spin_box.cpp
editor_import_plugin.cpp
path_follow3d.cpp
visual_shader_node_random_range.cpp
input_event_gesture.cpp
kinematic_collision2d.cpp
kinematic_collision3d.cpp
audio_stream_microphone.cpp
importer_mesh_instance3d.cpp
stream_peer.cpp
immediate_mesh.cpp
joint2d.cpp
visual_shader_node_parameter_ref.cpp
editor_export_platform_mac_os.cpp
editor_export_platform_linux_bsd.cpp
menu_button.cpp
visual_shader_node_particle_output.cpp
audio_stream_ogg_vorbis.cpp
audio_stream_playback_resampled.cpp
editor_debugger_plugin.cpp
light_occluder2d.cpp
tweener.cpp
audio_stream_mp3.cpp
box_occluder3d.cpp
physics_direct_body_state3d_extension.cpp
system_font.cpp
input_event.cpp
editor_export_platform_ios.cpp
panel_container.cpp
editor_debugger_session.cpp
tube_trail_mesh.cpp
visual_shader_node_screen_normal_world_space.cpp
audio_server.cpp
box_shape3d.cpp
marker3d.cpp
surface_tool.cpp
groove_joint2d.cpp
audio_listener2d.cpp
menu_bar.cpp
audio_effect_record.cpp
h_slider.cpp
lightmapper_rd.cpp
physics_direct_space_state2d_extension.cpp
e_net_multiplayer_peer.cpp
upnp_device.cpp
audio_listener3d.cpp
visual_shader_node_outer_product.cpp
sub_viewport.cpp
bone2d.cpp
physics_body3d.cpp
lightmap_probe.cpp
editor_node3d_gizmo_plugin.cpp
upnp.cpp
label_settings.cpp
sub_viewport_container.cpp
udp_server.cpp
audio_stream_generator.cpp
stream_peer_tls.cpp
hmac_context.cpp
visual_shader_node_particle_randomness.cpp
translation_server.cpp
margin_container.cpp
audio_stream_randomizer.cpp
editor_resource_preview.cpp
audio_stream.cpp
physics_direct_body_state2d_extension.cpp
stream_peer_tcp.cpp
visual_shader_node_particle_accelerator.cpp
link_button.cpp
audio_stream_player3d.cpp
audio_effect_stereo_enhance.cpp
static_body3d.cpp
physics_direct_space_state3d_extension.cpp
tile_set_source.cpp
audio_effect_spectrum_analyzer_instance.cpp
visual_shader_node_particle_emit.cpp
physics_server2d_manager.cpp
spot_light3d.cpp
label3d.cpp
syntax_highlighter.cpp
editor_file_system_directory.cpp
audio_effect_reverb.cpp
tile_set_scenes_collection_source.cpp
physics_direct_body_state2d.cpp
cpu_particles3d.cpp
spring_arm3d.cpp
editor_export_plugin.cpp
box_container.cpp
path_follow2d.cpp
editor_export_platform.cpp
audio_stream_generator_playback.cpp
tile_set_atlas_source.cpp
audio_stream_polyphonic.cpp
path3d.cpp
tile_set.cpp
lightmap_gi.cpp
audio_effect_spectrum_analyzer.cpp
mesh_instance2d.cpp
tile_map_pattern.cpp
gltf_accessor.cpp
cpu_particles2d.cpp
stream_peer_extension.cpp
physical_bone2d.cpp
marshalls.cpp
static_body2d.cpp
parallax_background.cpp
joint3d.cpp
tls_options.cpp
font.cpp
curve.cpp
texture_progress_bar.cpp
audio_stream_player.cpp
fast_noise_lite.cpp
label.cpp
physics_server2d_extension.cpp
texture_cubemap_array_rd.cpp
tcp_server.cpp
physics_ray_query_parameters2d.cpp
cubemap_array.cpp
light2d.cpp
audio_effect_notch_filter.cpp
texture2d_array_rd.cpp
audio_stream_player2d.cpp
physics_direct_space_state3d.cpp
text_line.cpp
audio_effect_high_pass_filter.cpp
button_group.cpp
physics_direct_body_state3d.cpp
light3d.cpp
cylinder_mesh.cpp
x509_certificate.cpp
thread.cpp
audio_effect_eq21.cpp
fog_material.cpp
mesh_library.cpp
xr_node3d.cpp
lightmap_gi_data.cpp
panorama_sky_material.cpp
audio_effect_limiter.cpp
control.cpp
bone_map.cpp
physical_sky_material.cpp
sprite_base3d.cpp
mesh_instance3d.cpp
confirmation_dialog.cpp
web_xr_interface.cpp
audio_effect_eq6.cpp
box_mesh.cpp
texture3d.cpp
path2d.cpp
audio_effect_pitch_shift.cpp
style_box_flat.cpp
gd_script.cpp
performance.cpp
base_material3d.cpp
directional_light3d.cpp
bit_map.cpp
texture2drd.cpp
text_server_extension.cpp
particle_process_material.cpp
xr_controller3d.cpp
container.cpp
gltf_buffer_view.cpp
audio_effect_low_shelf_filter.cpp
mesh_data_tool.cpp
style_box.cpp
text_paragraph.cpp
audio_effect_high_shelf_filter.cpp
audio_effect_panner.cpp
audio_stream_playback.cpp
directional_light2d.cpp
file_system_dock.cpp
style_box_line.cpp
damped_spring_joint2d.cpp
zip_packer.cpp
audio_stream_playback_ogg_vorbis.cpp
file_access.cpp
physics_body2d.cpp
text_mesh.cpp
gd_extension_manager.cpp
string_name.cpp
audio_effect_phaser.cpp
text_edit.cpp
file_dialog.cpp
texture_rect.cpp
curve3d.cpp
gltf_animation.cpp
tab_container.cpp
base_button.cpp
lightmapper.cpp
audio_stream_playback_polyphonic.cpp
physics_server2d.cpp
style_box_empty.cpp
physics_point_query_parameters3d.cpp
convex_polygon_shape2d.cpp
texture2d_array.cpp
xml_parser.cpp
gd_extension.cpp
sprite3d.cpp
marker2d.cpp
web_rtc_peer_connection.cpp
sprite2d.cpp
cone_twist_joint3d.cpp
web_rtc_peer_connection_extension.cpp
main_loop.cpp
button.cpp
e_net_connection.cpp
audio_effect_low_pass_filter.cpp
font_file.cpp
bone_attachment3d.cpp
utility_functions.cpp
flow_container.cpp
parallax_layer.cpp
gltf_camera.cpp
split_container.cpp
audio_effect_instance.cpp
back_buffer_copy.cpp
display_server.cpp
xr_pose.cpp
tile_map.cpp
packet_peer_dtls.cpp
sphere_shape3d.cpp
render_scene_buffers.cpp
cylinder_shape3d.cpp
gltf_light.cpp
remote_transform3d.cpp
xr_origin3d.cpp
audio_effect_filter.cpp
open_xr_interaction_profile_metadata.cpp
audio_stream_wav.cpp
signal.cpp
sphere_occluder3d.cpp
texture_button.cpp
rid.cpp
packet_peer_stream.cpp
render_scene_buffers_configuration.cpp
window.cpp
audio_effect.cpp
rendering_device.cpp
fog_volume.cpp
zip_reader.cpp
render_scene_buffers_extension.cpp
panel.cpp
string.cpp
curve2d.cpp
sphere_mesh.cpp
config_file.cpp
audio_bus_layout.cpp
xr_interface_extension.cpp
callable.cpp
font_variation.cpp
dir_access.cpp
audio_effect_capture.cpp
resource_importer_bm_font.cpp
open_xr_action_set.cpp
soft_body3d.cpp
decal.cpp
world2d.cpp
tile_data.cpp
audio_effect_distortion.cpp
open_xr_action.cpp
slider_joint3d.cpp
gltf_document_extension.cpp
dtls_server.cpp
gltf_document_extension_convert_importer_mesh.cpp
xr_server.cpp
theme_db.cpp
packet_peer_udp.cpp
texture.cpp
curve_xyz_texture.cpp
node_path.cpp
audio_effect_delay.cpp
expression.cpp
slider.cpp
crypto.cpp
xr_positional_tracker.cpp
resource_importer.cpp
gltf_document.cpp
convex_polygon_shape3d.cpp
resource.cpp
audio_effect_chorus.cpp
crypto_key.cpp
xr_camera3d.cpp
curve_texture.cpp
xr_interface.cpp
packed_scene.cpp
skeleton_profile.cpp
texture_layered_rd.cpp
graph_edit.cpp
skin_reference.cpp
resource_format_saver.cpp
packet_peer_extension.cpp
texture2d.cpp
atlas_texture.cpp
skeleton_profile_humanoid.cpp
world_boundary_shape2d.cpp
gradient.cpp
render_scene_buffers_rd.cpp
cubemap.cpp
sky.cpp
resource_format_loader.cpp
audio_effect_eq10.cpp
packet_peer.cpp
text_server_manager.cpp
geometry2d.cpp
texture_cubemap_rd.cpp
audio_effect_compressor.cpp
web_socket_peer.cpp
low_level.cpp
geometry3d.cpp
skin.cpp
audio_effect_band_pass_filter.cpp
packed_data_container_ref.cpp
world_environment.cpp
rendering_server.cpp
concave_polygon_shape3d.cpp
texture3drd.cpp
skeleton_modification_stack2d.cpp
theme.cpp
world3d.cpp
audio_effect_band_limit_filter.cpp
remote_transform2d.cpp
gpu_particles_collision_height_field3d.cpp
packed_data_container.cpp
audio_effect_amplify.cpp
text_server_dummy.cpp
generic6_dof_joint3d.cpp
skeleton_modification2dccdik.cpp
reg_ex_match.cpp
optimized_translation.cpp
texture_layered.cpp
xr_anchor3d.cpp
gpu_particles_collision_sphere3d.cpp
skeleton_modification2dfabrik.cpp
gpu_particles_collision_box3d.cpp
text_server_advanced.cpp
skeleton_modification2d_jiggle.cpp
audio_effect_eq.cpp
reg_ex.cpp
pck_packer.cpp
worker_thread_pool.cpp
visual_shader_node_multiply_add.cpp
web_socket_multiplayer_peer.cpp
text_server.cpp
rd_texture_view.cpp
animation_node_time_scale.cpp
world_boundary_shape3d.cpp
reflection_probe.cpp
option_button.cpp
gpu_particles_attractor3d.cpp
open_xr_hand.cpp
visual_shader_node_mix.cpp
gpu_particles3d.cpp
gltf_texture.cpp
visual_shader_node_world_position_from_depth.cpp
shader_material.cpp
area3d.cpp
open_xr_action_map.cpp
visual_shader_node_linear_scene_depth.cpp
script_language_extension.cpp
gltf_node.cpp
rd_shader_spirv.cpp
web_rtc_multiplayer_peer.cpp
rd_pipeline_specialization_constant.cpp
gpu_particles2d.cpp
open_xr_interaction_profile.cpp
visual_shader_node_is.cpp
gltf_texture_sampler.cpp
gltf_physics_shape.cpp
rd_shader_file.cpp
web_rtc_data_channel.cpp
skeleton_modification2d_physical_bones.cpp
voxel_gi.cpp
rd_pipeline_rasterization_state.cpp
gpu_particles_collision3d.cpp
reference_rect.cpp
separation_ray_shape2d.cpp
gpu_particles_attractor_vector_field3d.cpp
area2d.cpp
open_xr_extension_wrapper_extension.cpp
visual_shader_node_vector_op.cpp
visual_shader_node_curve_texture.cpp
segment_shape2d.cpp
ref_counted.cpp
open_xr_interface.cpp
gltf_physics_body.cpp
animation_node_transition.cpp
visual_shader_node_vector_refract.cpp
visual_shader_node_int_parameter.cpp
skeleton_modification2d_two_bone_ik.cpp
rectangle_shape2d.cpp
open_xrip_binding.cpp
web_rtc_data_channel_extension.cpp
skeleton_modification2d_stack_holder.cpp
array_occluder3d.cpp
open_xrapi_extension.cpp
omni_light3d.cpp
skeleton_modification2d.cpp
visual_shader_node_determinant.cpp
quad_occluder3d.cpp
animation_node_time_seek.cpp
visual_shader_node_int_op.cpp
weak_ref.cpp
ray_cast3d.cpp
voxel_gi_data.cpp
shape_cast2d.cpp
animation_node_sync.cpp
range.cpp
orm_material3d.cpp
visual_shader_node_int_func.cpp
shape3d.cpp
animation_node_sub2.cpp
visual_shader_node_curve_xyz_texture.cpp
rd_sampler_state.cpp
array_mesh.cpp
visual_shader_node_int_constant.cpp
occluder_instance3d.cpp
aspect_ratio_container.cpp
scroll_container.cpp
navigation_server2d.cpp
gltf_mesh.cpp
visual_shader_node_input.cpp
animation_root_node.cpp
script_editor_base.cpp
ray_cast2d.cpp
animation_player.cpp
gpu_particles_collision_sdf3d.cpp
nine_patch_rect.cpp
visual_shader_node_if.cpp
rd_vertex_attribute.cpp
skeleton_modification2d_look_at.cpp
visual_shader_node_face_forward.cpp
visual_shader_node_vector_len.cpp
gpu_particles_attractor_sphere3d.cpp
visual_shader_node_constant.cpp
animation_tree.cpp
rd_pipeline_color_blend_state_attachment.cpp
navigation_path_query_parameters2d.cpp
visual_shader_node_vector_func.cpp
skeleton_ik3d.cpp
visual_shader_node_vector_distance.cpp
animation_node_blend_space2d.cpp
skeleton2d.cpp
occluder3d.cpp
scroll_bar.cpp
os.cpp
visual_shader_node_vector_decompose.cpp
callable_custom.cpp
grid_container.cpp
visual_shader_node_float_constant.cpp
property_tweener.cpp
method_bind.cpp
animation_node_blend_space1_d.cpp
callable_method_pointer.cpp
visual_shader_node_global_expression.cpp
animation_node_blend3.cpp
object.cpp
script_extension.cpp
visual_shader_node_vector_compose.cpp
collision_polygon3d.cpp
random_number_generator.cpp
navigation_region2d.cpp
class_db_singleton.cpp
animation_node_animation.cpp
navigation_mesh_source_geometry_data2d.cpp
gltf_skeleton.cpp
visual_shader_node_vec4_parameter.cpp
visual_shader_node_float_parameter.cpp
rd_uniform.cpp
collision_object3d.cpp
animation_node_state_machine_transition.cpp
animation_node_blend_tree.cpp
noise_texture3d.cpp
collision_shape2d.cpp
visual_shader_node_vec4_constant.cpp
graph_node.cpp
skeleton3d.cpp
animation_node_blend2.cpp
navigation_path_query_result2d.cpp
rd_pipeline_multisample_state.cpp
gpu_particles_attractor_box3d.cpp
check_button.cpp
character_body2d.cpp
animation_node_add2.cpp
node3d_gizmo.cpp
visual_shader_node_cubemap_parameter.cpp
graph_element.cpp
rd_texture_format.cpp
animation_node_add3.cpp
animation_node_state_machine_playback.cpp
visual_shader_node_uv_polar_coord.cpp
visual_shader_node_float_func.cpp
progress_bar.cpp
animation_node_output.cpp
shader.cpp
geometry_instance3d.cpp
navigation_mesh_source_geometry_data3d.cpp
gradient_texture2d.cpp
visual_shader_node_transform_parameter.cpp
visual_shader_node_expression.cpp
script_language.cpp
gradient_texture1_d.cpp
shortcut.cpp
java_class.cpp
visual_shader_node_dot_product.cpp
rd_pipeline_depth_stencil_state.cpp
java_script_object.cpp
ogg_packet_sequence_playback.cpp
visual_shader_node_distance_fade.cpp
shape_cast3d.cpp
offline_multiplayer_peer.cpp
animation_node_one_shot.cpp
visual_shader_node_texture_parameter.cpp
visual_shader_node_derivative_func.cpp
wrapped.cpp
variant.cpp
object.cpp
gdexample.cpp
godot.cpp
rd_framebuffer_pass.cpp
input_event_midi.cpp
register_types.cpp
navigation_path_query_result3d.cpp
visual_shader_node_transform_compose.cpp
visual_shader_node_cubemap.cpp
class_db.cpp
shader_include.cpp
input_event_magnify_gesture.cpp
gltf_state.cpp
occluder_polygon2d.cpp
gltf_spec_gloss.cpp
separation_ray_shape3d.cpp
input_event_mouse.cpp
compressed_texture2d.cpp
quad_mesh.cpp
gltf_skin.cpp
animation_node_state_machine.cpp
separator.cpp
visual_shader_node_fresnel.cpp
shader_globals_override.cpp
java_script_bridge.cpp
java_class_wrapper.cpp
editor_resource_tooltip_plugin.cpp
visual_shader_node_uv_func.cpp
project_settings.cpp
rd_attachment_format.cpp
encoded_object_as_id.cpp
node3d.cpp
visual_shader_node_transform_constant.cpp
visual_shader_node_float_op.cpp
item_list.cpp
concave_polygon_shape2d.cpp
visual_shader_node_varying_getter.cpp
node2d.cpp
semaphore.cpp
rd_shader_source.cpp
editor_scene_post_import.cpp
visual_shader_node_u_int_func.cpp
navigation_server3d.cpp
visual_shader_node_comment.cpp
animation_library.cpp
collision_shape3d.cpp
visual_shader_node_texture_sdf.cpp
shape2d.cpp
visual_shader_node_group_base.cpp
rd_pipeline_color_blend_state.cpp
animatable_body3d.cpp
editor_script_picker.cpp
navigation_path_query_parameters3d.cpp
input_event_mouse_button.cpp
procedural_sky_material.cpp
editor_syntax_highlighter.cpp
compressed_texture_layered.cpp
script.cpp
a_star_grid2d.cpp
visual_shader_node_texture_sdf_normal.cpp
visual_shader_node_custom.cpp
scene_multiplayer.cpp
prism_mesh.cpp
editor_script.cpp
visual_shader_node_vec3_parameter.cpp
scene_state.cpp
navigation_region3d.cpp
primitive_mesh.cpp
editor_scene_post_import_plugin.cpp
visual_shader_node_compare.cpp
compressed_texture3d.cpp
input_event_screen_drag.cpp
visual_shader_node_vec2_parameter.cpp
animation.cpp
navigation_polygon.cpp
visual_shader_node_varying.cpp
compressed_cubemap_array.cpp
root_motion_view.cpp
visual_shader_node_color_parameter.cpp
popup_panel.cpp
jsonrpc.cpp
animated_sprite3d.cpp
visual_shader_node_u_int_parameter.cpp
navigation_obstacle2d.cpp
rich_text_effect.cpp
compressed_texture2d_array.cpp
animated_texture.cpp
visual_shader_node_transform_vec_mult.cpp
character_body3d.cpp
popup_menu.cpp
input_event_screen_touch.cpp
navigation_obstacle3d.cpp
environment.cpp
callable_custom.cpp
callable_method_pointer.cpp
method_bind.cpp
wrapped.cpp
string.cpp
object.cpp
low_level.cpp
godot.cpp
variant.cpp
node_path.cpp
rid.cpp
string_name.cpp
class_db.cpp
callable.cpp
signal.cpp
array.cpp
dictionary.cpp
packed_byte_array.cpp
packed_int32_array.cpp
packed_int64_array.cpp
packed_float32_array.cpp
packed_float64_array.cpp
packed_string_array.cpp
packed_vector2_array.cpp
packed_vector3_array.cpp
packed_color_array.cpp
aes_context.cpp
a_star_grid2d.cpp
a_star3d.cpp
a_star2d.cpp
accept_dialog.cpp
animatable_body2d.cpp
animatable_body3d.cpp
animated_sprite2d.cpp
animated_texture.cpp
animation.cpp
animated_sprite3d.cpp
animation_library.cpp
animation_mixer.cpp
animation_node.cpp
animation_node_add2.cpp
animation_node_blend2.cpp
animation_node_add3.cpp
animation_node_animation.cpp
animation_node_blend3.cpp
animation_node_blend_space1_d.cpp
animation_node_blend_tree.cpp
animation_node_blend_space2d.cpp
animation_node_one_shot.cpp
animation_node_output.cpp
animation_node_state_machine_playback.cpp
animation_node_state_machine.cpp
animation_node_state_machine_transition.cpp
animation_node_sub2.cpp
animation_node_sync.cpp
animation_node_time_seek.cpp
animation_node_transition.cpp
animation_node_time_scale.cpp
animation_player.cpp
animation_root_node.cpp
animation_tree.cpp
area2d.cpp
array_mesh.cpp
area3d.cpp
array_occluder3d.cpp
aspect_ratio_container.cpp
atlas_texture.cpp
audio_bus_layout.cpp
audio_effect.cpp
audio_effect_amplify.cpp
audio_effect_band_limit_filter.cpp
audio_effect_band_pass_filter.cpp
audio_effect_capture.cpp
audio_effect_chorus.cpp
audio_effect_compressor.cpp
audio_effect_delay.cpp
audio_effect_eq.cpp
audio_effect_eq10.cpp
audio_effect_eq21.cpp
audio_effect_distortion.cpp
audio_effect_eq6.cpp
audio_effect_filter.cpp
audio_effect_high_pass_filter.cpp
audio_effect_high_shelf_filter.cpp
audio_effect_instance.cpp
audio_effect_limiter.cpp
audio_effect_low_pass_filter.cpp
audio_effect_low_shelf_filter.cpp
audio_effect_notch_filter.cpp
audio_effect_panner.cpp
audio_effect_phaser.cpp
audio_effect_pitch_shift.cpp
audio_effect_record.cpp
audio_effect_spectrum_analyzer.cpp
audio_effect_reverb.cpp
audio_effect_stereo_enhance.cpp
audio_effect_spectrum_analyzer_instance.cpp
audio_listener3d.cpp
audio_listener2d.cpp
audio_stream_generator.cpp
audio_stream.cpp
audio_server.cpp
audio_stream_generator_playback.cpp
audio_stream_mp3.cpp
audio_stream_playback.cpp
audio_stream_ogg_vorbis.cpp
audio_stream_playback_ogg_vorbis.cpp
audio_stream_microphone.cpp
audio_stream_playback_polyphonic.cpp
audio_stream_playback_resampled.cpp
audio_stream_player.cpp
audio_stream_player3d.cpp
audio_stream_polyphonic.cpp
audio_stream_player2d.cpp
audio_stream_randomizer.cpp
audio_stream_wav.cpp
back_buffer_copy.cpp
base_material3d.cpp
base_button.cpp
bone2d.cpp
bit_map.cpp
bone_map.cpp
bone_attachment3d.cpp
box_mesh.cpp
box_container.cpp
box_shape3d.cpp
box_occluder3d.cpp
button.cpp
button_group.cpp
cpu_particles2d.cpp
csg_box3d.cpp
cpu_particles3d.cpp
csg_combiner3d.cpp
csg_cylinder3d.cpp
csg_mesh3d.cpp
csg_primitive3d.cpp
csg_polygon3d.cpp
csg_shape3d.cpp
csg_sphere3d.cpp
csg_torus3d.cpp
callback_tweener.cpp
camera2d.cpp
camera_attributes_physical.cpp
camera_attributes.cpp
camera3d.cpp
camera_feed.cpp
camera_attributes_practical.cpp
camera_texture.cpp
camera_server.cpp
canvas_group.cpp
canvas_item.cpp
canvas_item_material.cpp
canvas_layer.cpp
canvas_modulate.cpp
capsule_shape3d.cpp
canvas_texture.cpp
capsule_shape2d.cpp
capsule_mesh.cpp
char_fx_transform.cpp
center_container.cpp
character_body2d.cpp
character_body3d.cpp
check_button.cpp
check_box.cpp
circle_shape2d.cpp
class_db_singleton.cpp
code_highlighter.cpp
collision_object2d.cpp
collision_polygon2d.cpp
code_edit.cpp
collision_object3d.cpp
collision_polygon3d.cpp
collision_shape2d.cpp
collision_shape3d.cpp
color_picker.cpp
color_picker_button.cpp
compressed_cubemap_array.cpp
color_rect.cpp
compressed_cubemap.cpp
compressed_texture2d_array.cpp
compressed_texture2d.cpp
compressed_texture3d.cpp
compressed_texture_layered.cpp
concave_polygon_shape2d.cpp
concave_polygon_shape3d.cpp
cone_twist_joint3d.cpp
config_file.cpp
convex_polygon_shape3d.cpp
convex_polygon_shape2d.cpp
confirmation_dialog.cpp
container.cpp
crypto.cpp
control.cpp
crypto_key.cpp
cubemap.cpp
cubemap_array.cpp
curve2d.cpp
curve.cpp
curve3d.cpp
curve_xyz_texture.cpp
cylinder_mesh.cpp
curve_texture.cpp
cylinder_shape3d.cpp
damped_spring_joint2d.cpp
dtls_server.cpp
decal.cpp
dir_access.cpp
directional_light2d.cpp
directional_light3d.cpp
e_net_connection.cpp
e_net_multiplayer_peer.cpp
display_server.cpp
e_net_packet_peer.cpp
editor_debugger_plugin.cpp
editor_command_palette.cpp
editor_export_platform.cpp
editor_debugger_session.cpp
editor_export_platform_android.cpp
editor_export_platform_ios.cpp
editor_export_platform_linux_bsd.cpp
editor_export_platform_mac_os.cpp
editor_export_platform_web.cpp
editor_export_plugin.cpp
editor_export_platform_windows.cpp
editor_feature_profile.cpp
editor_export_platform_pc.cpp
editor_file_dialog.cpp
editor_file_system.cpp
editor_file_system_directory.cpp
editor_file_system_import_format_support_query.cpp
editor_import_plugin.cpp
editor_inspector.cpp
editor_node3d_gizmo.cpp
editor_node3d_gizmo_plugin.cpp
editor_inspector_plugin.cpp
editor_paths.cpp
editor_interface.cpp
editor_property.cpp
editor_resource_conversion_plugin.cpp
editor_plugin.cpp
editor_resource_preview.cpp
editor_resource_picker.cpp
editor_resource_preview_generator.cpp
editor_scene_format_importer.cpp
editor_scene_format_importer_blend.cpp
editor_resource_tooltip_plugin.cpp
editor_scene_format_importer_fbx.cpp
editor_scene_format_importer_gltf.cpp
editor_scene_post_import.cpp
editor_scene_post_import_plugin.cpp
editor_script_picker.cpp
editor_script.cpp
editor_selection.cpp
editor_settings.cpp
editor_syntax_highlighter.cpp
editor_spin_slider.cpp
editor_translation_parser_plugin.cpp
editor_undo_redo_manager.cpp
editor_vcs_interface.cpp
encoded_object_as_id.cpp
engine.cpp
engine_debugger.cpp
engine_profiler.cpp
environment.cpp
expression.cpp
fast_noise_lite.cpp
file_access.cpp
file_dialog.cpp
flow_container.cpp
file_system_dock.cpp
fog_material.cpp
font.cpp
font_variation.cpp
fog_volume.cpp
gd_extension.cpp
font_file.cpp
gd_script.cpp
gd_extension_manager.cpp
gltf_accessor.cpp
gltf_animation.cpp
gltf_camera.cpp
gltf_buffer_view.cpp
gltf_document.cpp
gltf_document_extension.cpp
gltf_document_extension_convert_importer_mesh.cpp
gltf_light.cpp
gltf_mesh.cpp
gltf_node.cpp
gltf_physics_body.cpp
gltf_physics_shape.cpp
gltf_skin.cpp
gltf_skeleton.cpp
gltf_spec_gloss.cpp
gltf_texture.cpp
gltf_texture_sampler.cpp
gltf_state.cpp
gpu_particles3d.cpp
gpu_particles2d.cpp
gpu_particles_attractor_box3d.cpp
gpu_particles_attractor3d.cpp
gpu_particles_collision3d.cpp
gpu_particles_attractor_sphere3d.cpp
gpu_particles_attractor_vector_field3d.cpp
gpu_particles_collision_box3d.cpp
gpu_particles_collision_height_field3d.cpp
gpu_particles_collision_sdf3d.cpp
gpu_particles_collision_sphere3d.cpp
geometry3d.cpp
generic6_dof_joint3d.cpp
geometry2d.cpp
geometry_instance3d.cpp
gradient.cpp
gradient_texture1_d.cpp
gradient_texture2d.cpp
graph_edit.cpp
graph_element.cpp
graph_node.cpp
grid_container.cpp
groove_joint2d.cpp
grid_map.cpp
h_flow_container.cpp
h_box_container.cpp
hmac_context.cpp
h_scroll_bar.cpp
h_separator.cpp
h_split_container.cpp
h_slider.cpp
height_map_shape3d.cpp
http_request.cpp
hashing_context.cpp
http_client.cpp
hinge_joint3d.cpp
ip.cpp
image_format_loader.cpp
image.cpp
image_texture3d.cpp
image_texture.cpp
image_format_loader_extension.cpp
immediate_mesh.cpp
importer_mesh.cpp
image_texture_layered.cpp
input_event_action.cpp
importer_mesh_instance3d.cpp
input_event.cpp
input_event_from_window.cpp
input.cpp
input_event_joypad_button.cpp
input_event_gesture.cpp
input_event_joypad_motion.cpp
input_event_magnify_gesture.cpp
input_event_key.cpp
input_event_midi.cpp
input_event_mouse.cpp
input_event_mouse_button.cpp
input_event_mouse_motion.cpp
input_event_screen_drag.cpp
input_event_pan_gesture.cpp
input_event_screen_touch.cpp
input_event_shortcut.cpp
input_event_with_modifiers.cpp
instance_placeholder.cpp
interval_tweener.cpp
input_map.cpp
jni_singleton.cpp
json.cpp
jsonrpc.cpp
java_class.cpp
item_list.cpp
java_script_object.cpp
java_class_wrapper.cpp
java_script_bridge.cpp
joint3d.cpp
kinematic_collision2d.cpp
joint2d.cpp
kinematic_collision3d.cpp
label_settings.cpp
label.cpp
label3d.cpp
light2d.cpp
light3d.cpp
light_occluder2d.cpp
lightmap_gi.cpp
lightmap_probe.cpp
lightmap_gi_data.cpp
lightmapper.cpp
lightmapper_rd.cpp
line2d.cpp
main_loop.cpp
link_button.cpp
margin_container.cpp
line_edit.cpp
marker3d.cpp
marker2d.cpp
marshalls.cpp
material.cpp
menu_button.cpp
menu_bar.cpp
mesh_convex_decomposition_settings.cpp
mesh.cpp
mesh_data_tool.cpp
mesh_instance3d.cpp
mesh_instance2d.cpp
mesh_library.cpp
mesh_texture.cpp
method_tweener.cpp
missing_node.cpp
missing_resource.cpp
mobile_vr_interface.cpp
movie_writer.cpp
multi_mesh.cpp
multi_mesh_instance2d.cpp
multiplayer_api_extension.cpp
multi_mesh_instance3d.cpp
multiplayer_peer.cpp
multiplayer_api.cpp
multiplayer_peer_extension.cpp
multiplayer_spawner.cpp
multiplayer_synchronizer.cpp
mutex.cpp
navigation_agent2d.cpp
navigation_agent3d.cpp
navigation_mesh.cpp
navigation_link2d.cpp
navigation_link3d.cpp
navigation_mesh_source_geometry_data2d.cpp
navigation_mesh_generator.cpp
navigation_mesh_source_geometry_data3d.cpp
navigation_obstacle2d.cpp
navigation_obstacle3d.cpp
navigation_path_query_parameters2d.cpp
navigation_path_query_result3d.cpp
navigation_path_query_parameters3d.cpp
navigation_path_query_result2d.cpp
navigation_polygon.cpp
navigation_region2d.cpp
navigation_region3d.cpp
navigation_server2d.cpp
navigation_server3d.cpp
nine_patch_rect.cpp
node3d_gizmo.cpp
node.cpp
node2d.cpp
noise.cpp
node3d.cpp
noise_texture2d.cpp
noise_texture3d.cpp
orm_material3d.cpp
os.cpp
occluder3d.cpp
object.cpp
occluder_instance3d.cpp
occluder_polygon2d.cpp
offline_multiplayer_peer.cpp
ogg_packet_sequence.cpp
ogg_packet_sequence_playback.cpp
omni_light3d.cpp
open_xr_action.cpp
open_xrapi_extension.cpp
open_xr_action_map.cpp
open_xr_action_set.cpp
open_xr_extension_wrapper_extension.cpp
open_xr_hand.cpp
open_xrip_binding.cpp
open_xr_interaction_profile.cpp
open_xr_interaction_profile_metadata.cpp
open_xr_interface.cpp
optimized_translation.cpp
pck_packer.cpp
option_button.cpp
packed_data_container.cpp
packed_data_container_ref.cpp
packed_scene.cpp
packet_peer.cpp
packet_peer_dtls.cpp
packet_peer_extension.cpp
packet_peer_stream.cpp
packet_peer_udp.cpp
panel.cpp
panorama_sky_material.cpp
panel_container.cpp
parallax_background.cpp
parallax_layer.cpp
particle_process_material.cpp
path2d.cpp
path3d.cpp
path_follow2d.cpp
path_follow3d.cpp
performance.cpp
physical_sky_material.cpp
physical_bone2d.cpp
physical_bone3d.cpp
physics_direct_body_state2d_extension.cpp
physics_body2d.cpp
physics_direct_body_state2d.cpp
physics_body3d.cpp
physics_direct_body_state3d.cpp
physics_direct_body_state3d_extension.cpp
physics_direct_space_state2d.cpp
physics_direct_space_state2d_extension.cpp
physics_direct_space_state3d.cpp
physics_material.cpp
physics_direct_space_state3d_extension.cpp
physics_point_query_parameters3d.cpp
physics_point_query_parameters2d.cpp
physics_server2d_extension.cpp
physics_ray_query_parameters3d.cpp
physics_server2d.cpp
physics_ray_query_parameters2d.cpp
physics_server2d_manager.cpp
physics_server3d.cpp
physics_server3d_manager.cpp
physics_server3d_extension.cpp
physics_shape_query_parameters2d.cpp
physics_server3d_rendering_server_handler.cpp
physics_shape_query_parameters3d.cpp
physics_test_motion_parameters2d.cpp
physics_test_motion_parameters3d.cpp
physics_test_motion_result2d.cpp
physics_test_motion_result3d.cpp
pin_joint2d.cpp
placeholder_cubemap.cpp
placeholder_cubemap_array.cpp
pin_joint3d.cpp
placeholder_material.cpp
placeholder_mesh.cpp
placeholder_texture2d.cpp
placeholder_texture2d_array.cpp
placeholder_texture_layered.cpp
placeholder_texture3d.cpp
plane_mesh.cpp
point_light2d.cpp
point_mesh.cpp
polygon_occluder3d.cpp
polygon2d.cpp
polygon_path_finder.cpp
popup.cpp
popup_panel.cpp
portable_compressed_texture2d.cpp
popup_menu.cpp
primitive_mesh.cpp
prism_mesh.cpp
procedural_sky_material.cpp
progress_bar.cpp
project_settings.cpp
property_tweener.cpp
quad_mesh.cpp
quad_occluder3d.cpp
rd_attachment_format.cpp
rd_framebuffer_pass.cpp
rd_pipeline_color_blend_state.cpp
rd_pipeline_color_blend_state_attachment.cpp
rd_pipeline_depth_stencil_state.cpp
rd_pipeline_multisample_state.cpp
rd_sampler_state.cpp
rd_pipeline_rasterization_state.cpp
rd_pipeline_specialization_constant.cpp
rd_shader_file.cpp
rd_shader_spirv.cpp
rd_shader_source.cpp
rd_texture_format.cpp
rd_uniform.cpp
rd_texture_view.cpp
random_number_generator.cpp
rd_vertex_attribute.cpp
ray_cast2d.cpp
range.cpp
ref_counted.cpp
ray_cast3d.cpp
rectangle_shape2d.cpp
reference_rect.cpp
reflection_probe.cpp
reg_ex_match.cpp
remote_transform2d.cpp
remote_transform3d.cpp
reg_ex.cpp
render_scene_buffers_configuration.cpp
render_scene_buffers.cpp
render_scene_buffers_extension.cpp
resource.cpp
render_scene_buffers_rd.cpp
rendering_device.cpp
resource_format_saver.cpp
resource_format_loader.cpp
resource_importer_bm_font.cpp
resource_importer.cpp
rendering_server.cpp
resource_importer_bit_map.cpp
resource_importer_dynamic_font.cpp
resource_importer_csv_translation.cpp
resource_importer_image_font.cpp
resource_importer_layered_texture.cpp
resource_importer_scene.cpp
resource_importer_obj.cpp
resource_importer_ogg_vorbis.cpp
resource_importer_image.cpp
resource_importer_mp3.cpp
resource_importer_shader_file.cpp
resource_importer_texture.cpp
resource_importer_texture_atlas.cpp
resource_importer_wav.cpp
resource_preloader.cpp
ribbon_trail_mesh.cpp
resource_loader.cpp
resource_uid.cpp
resource_saver.cpp
rich_text_effect.cpp
rich_text_label.cpp
root_motion_view.cpp
rigid_body2d.cpp
scene_multiplayer.cpp
rigid_body3d.cpp
scene_tree_timer.cpp
scene_replication_config.cpp
scene_state.cpp
scene_tree.cpp
script.cpp
script_create_dialog.cpp
script_editor.cpp
script_language.cpp
script_extension.cpp
script_editor_base.cpp
script_language_extension.cpp
segment_shape2d.cpp
scroll_bar.cpp
semaphore.cpp
scroll_container.cpp
separation_ray_shape2d.cpp
separation_ray_shape3d.cpp
shader.cpp
shader_globals_override.cpp
shader_include.cpp
separator.cpp
shader_material.cpp
shape_cast2d.cpp
shortcut.cpp
shape2d.cpp
shape_cast3d.cpp
shape3d.cpp
skeleton2d.cpp
skeleton3d.cpp
skeleton_modification2dccdik.cpp
skeleton_modification2d.cpp
skeleton_ik3d.cpp
skeleton_modification2dfabrik.cpp
skeleton_modification2d_jiggle.cpp
skeleton_modification2d_look_at.cpp
skeleton_modification2d_physical_bones.cpp
skeleton_modification2d_stack_holder.cpp
skeleton_modification2d_two_bone_ik.cpp
skeleton_modification_stack2d.cpp
skeleton_profile.cpp
skin.cpp
skin_reference.cpp
skeleton_profile_humanoid.cpp
sky.cpp
slider_joint3d.cpp
sphere_mesh.cpp
slider.cpp
sphere_occluder3d.cpp
soft_body3d.cpp
sphere_shape3d.cpp
spin_box.cpp
split_container.cpp
spring_arm3d.cpp
spot_light3d.cpp
sprite2d.cpp
sprite3d.cpp
static_body2d.cpp
sprite_frames.cpp
sprite_base3d.cpp
standard_material3d.cpp
static_body3d.cpp
stream_peer_extension.cpp
stream_peer_buffer.cpp
stream_peer_gzip.cpp
stream_peer.cpp
stream_peer_tcp.cpp
style_box_empty.cpp
style_box.cpp
stream_peer_tls.cpp
style_box_line.cpp
style_box_flat.cpp
style_box_texture.cpp
sub_viewport.cpp
surface_tool.cpp
syntax_highlighter.cpp
sub_viewport_container.cpp
system_font.cpp
tcp_server.cpp
tls_options.cpp
tab_bar.cpp
tab_container.cpp
text_line.cpp
text_mesh.cpp
text_server_advanced.cpp
text_edit.cpp
text_server.cpp
text_server_dummy.cpp
text_paragraph.cpp
text_server_extension.cpp
text_server_manager.cpp
texture.cpp
texture2d.cpp
texture2d_array_rd.cpp
texture2d_array.cpp
texture3d.cpp
texture3drd.cpp
texture_button.cpp
texture2drd.cpp
texture_cubemap_array_rd.cpp
texture_cubemap_rd.cpp
texture_layered.cpp
texture_layered_rd.cpp
texture_progress_bar.cpp
texture_rect.cpp
theme_db.cpp
tile_map.cpp
theme.cpp
tile_data.cpp
thread.cpp
tile_map_pattern.cpp
tile_set.cpp
tile_set_scenes_collection_source.cpp
tile_set_atlas_source.cpp
translation.cpp
time.cpp
torus_mesh.cpp
timer.cpp
tile_set_source.cpp
translation_server.cpp
touch_screen_button.cpp
tree.cpp
tree_item.cpp
triangle_mesh.cpp
tube_trail_mesh.cpp
tweener.cpp
udp_server.cpp
upnp_device.cpp
upnp.cpp
tween.cpp
undo_redo.cpp
v_flow_container.cpp
v_scroll_bar.cpp
v_box_container.cpp
v_separator.cpp
v_slider.cpp
video_stream_playback.cpp
video_stream.cpp
v_split_container.cpp
vehicle_body3d.cpp
vehicle_wheel3d.cpp
video_stream_theora.cpp
video_stream_player.cpp
viewport_texture.cpp
visible_on_screen_enabler2d.cpp
viewport.cpp
visible_on_screen_enabler3d.cpp
visual_instance3d.cpp
visual_shader.cpp
visible_on_screen_notifier3d.cpp
visual_shader_node.cpp
visible_on_screen_notifier2d.cpp
visual_shader_node_billboard.cpp
visual_shader_node_boolean_constant.cpp
visual_shader_node_boolean_parameter.cpp
visual_shader_node_color_constant.cpp
visual_shader_node_clamp.cpp
visual_shader_node_color_func.cpp
visual_shader_node_color_op.cpp
visual_shader_node_constant.cpp
visual_shader_node_compare.cpp
visual_shader_node_comment.cpp
visual_shader_node_color_parameter.cpp
visual_shader_node_cubemap.cpp
visual_shader_node_cubemap_parameter.cpp
visual_shader_node_curve_texture.cpp
visual_shader_node_curve_xyz_texture.cpp
visual_shader_node_custom.cpp
visual_shader_node_derivative_func.cpp
visual_shader_node_determinant.cpp
visual_shader_node_distance_fade.cpp
visual_shader_node_expression.cpp
visual_shader_node_dot_product.cpp
visual_shader_node_face_forward.cpp
visual_shader_node_float_constant.cpp
visual_shader_node_float_op.cpp
visual_shader_node_float_parameter.cpp
visual_shader_node_float_func.cpp
visual_shader_node_fresnel.cpp
visual_shader_node_global_expression.cpp
visual_shader_node_group_base.cpp
visual_shader_node_if.cpp
visual_shader_node_int_func.cpp
visual_shader_node_int_constant.cpp
visual_shader_node_input.cpp
visual_shader_node_int_op.cpp
visual_shader_node_int_parameter.cpp
visual_shader_node_is.cpp
visual_shader_node_mix.cpp
visual_shader_node_linear_scene_depth.cpp
visual_shader_node_multiply_add.cpp
visual_shader_node_outer_product.cpp
visual_shader_node_parameter.cpp
visual_shader_node_output.cpp
visual_shader_node_parameter_ref.cpp
visual_shader_node_particle_cone_velocity.cpp
visual_shader_node_particle_accelerator.cpp
visual_shader_node_particle_box_emitter.cpp
visual_shader_node_particle_emit.cpp
visual_shader_node_particle_emitter.cpp
visual_shader_node_particle_multiply_by_axis_angle.cpp
visual_shader_node_particle_mesh_emitter.cpp
visual_shader_node_particle_output.cpp
visual_shader_node_particle_randomness.cpp
visual_shader_node_particle_ring_emitter.cpp
visual_shader_node_particle_sphere_emitter.cpp
visual_shader_node_proximity_fade.cpp
visual_shader_node_remap.cpp
visual_shader_node_random_range.cpp
visual_shader_node_resizable_base.cpp
visual_shader_node_rotation_by_axis.cpp
visual_shader_node_sdf_to_screen_uv.cpp
visual_shader_node_sdf_raymarch.cpp
visual_shader_node_sample3d.cpp
visual_shader_node_screen_normal_world_space.cpp
visual_shader_node_screen_uv_to_sdf.cpp
visual_shader_node_smooth_step.cpp
visual_shader_node_switch.cpp
visual_shader_node_step.cpp
visual_shader_node_texture2d_array.cpp
visual_shader_node_texture.cpp
visual_shader_node_texture2d_array_parameter.cpp
visual_shader_node_texture2d_parameter.cpp
visual_shader_node_texture3d.cpp
visual_shader_node_texture3d_parameter.cpp
visual_shader_node_texture_parameter.cpp
visual_shader_node_texture_sdf.cpp
visual_shader_node_texture_parameter_triplanar.cpp
visual_shader_node_texture_sdf_normal.cpp
visual_shader_node_transform_compose.cpp
visual_shader_node_transform_constant.cpp
visual_shader_node_transform_decompose.cpp
visual_shader_node_transform_func.cpp
visual_shader_node_transform_op.cpp
visual_shader_node_transform_parameter.cpp
visual_shader_node_transform_vec_mult.cpp
visual_shader_node_u_int_constant.cpp
visual_shader_node_u_int_func.cpp
visual_shader_node_u_int_parameter.cpp
visual_shader_node_u_int_op.cpp
visual_shader_node_uv_polar_coord.cpp
visual_shader_node_uv_func.cpp
visual_shader_node_varying.cpp
visual_shader_node_varying_getter.cpp
visual_shader_node_varying_setter.cpp
visual_shader_node_vec2_constant.cpp
visual_shader_node_vec3_constant.cpp
visual_shader_node_vec3_parameter.cpp
visual_shader_node_vec2_parameter.cpp
visual_shader_node_vec4_constant.cpp
visual_shader_node_vec4_parameter.cpp
visual_shader_node_vector_base.cpp
visual_shader_node_vector_compose.cpp
visual_shader_node_vector_distance.cpp
visual_shader_node_vector_decompose.cpp
visual_shader_node_vector_func.cpp
visual_shader_node_vector_len.cpp
visual_shader_node_vector_refract.cpp
visual_shader_node_vector_op.cpp
visual_shader_node_world_position_from_depth.cpp
voxel_gi.cpp
weak_ref.cpp
voxel_gi_data.cpp
web_rtc_data_channel.cpp
web_rtc_multiplayer_peer.cpp
web_rtc_data_channel_extension.cpp
web_rtc_peer_connection.cpp
web_rtc_peer_connection_extension.cpp
web_socket_multiplayer_peer.cpp
web_socket_peer.cpp
web_xr_interface.cpp
world2d.cpp
world_boundary_shape2d.cpp
worker_thread_pool.cpp
world3d.cpp
window.cpp
world_boundary_shape3d.cpp
world_environment.cpp
x509_certificate.cpp
xml_parser.cpp
xr_camera3d.cpp
xr_anchor3d.cpp
xr_interface.cpp
xr_controller3d.cpp
xr_node3d.cpp
xr_interface_extension.cpp
xr_origin3d.cpp
xr_pose.cpp
xr_positional_tracker.cpp
utility_functions.cpp
xr_server.cpp
zip_packer.cpp
zip_reader.cpp
gdexample.cpp
register_types.cpp
